#
# A fatal error has been detected by the Java Runtime Environment:
#
#  SIGSEGV (0xb) at pc=0x00007fdac3e99d8d, pid=3008, tid=140577382315776
#
# JRE version: 6.0_24-b07
# Java VM: Java HotSpot(TM) 64-Bit Server VM (19.1-b02 mixed mode linux-amd64 compressed oops)
# Problematic frame:
# V  [libjvm.so+0x4d4d8d]
#
# If you would like to submit a bug report, please visit:
#   http://java.sun.com/webapps/bugreport/crash.jsp
#

---------------  T H R E A D  ---------------

Current thread (0x00007fdabc0a1000):  JavaThread "JDWP Transport Listener: dt_socket" daemon [_thread_in_vm, id=3029, stack(0x00007fdab8dfb000,0x00007fdab8efc000)]

siginfo:si_signo=SIGSEGV: si_errno=0, si_code=128 (), si_addr=0x0000000000000000

Registers:
RAX=0x0000000000000001, RBX=0x0000000000000000, RCX=0x00007fdac43761c0, RDX=0x0000000000000000
RSP=0x00007fdab8efa840, RBP=0x00007fdab8efa8b0, RSI=0x00007fdabc0a1000, RDI=0x00007fdabc006b60
R8 =0x00007fdac4ed7000, R9 =0x00007fdac43761a8, R10=0x0000000000000ffc, R11=0x00007fdac43761b0
R12=0x00007fdabc006b60, R13=0x6e003b6572757461, R14=0x00007fdab8efa8ff, R15=0x00007fdab8efa840
RIP=0x00007fdac3e99d8d, EFL=0x0000000000010202, CSGSFS=0x0000000000000033, ERR=0x0000000000000000
  TRAPNO=0x000000000000000d

Register to memory mapping:

RAX=0x0000000000000001
0x0000000000000001 is pointing to unknown location

RBX=0x0000000000000000
0x0000000000000000 is pointing to unknown location

RCX=0x00007fdac43761c0
0x00007fdac43761c0: <offset 0x9b11c0> in /usr/lib/jvm/java-6-sun-1.6.0.24/jre/lib/amd64/server/libjvm.so at 0x00007fdac39c5000

RDX=0x0000000000000000
0x0000000000000000 is pointing to unknown location

RSP=0x00007fdab8efa840
0x00007fdab8efa840 is pointing into the stack for thread: 0x00007fdabc0a1000
"JDWP Transport Listener: dt_socket" daemon prio=10 tid=0x00007fdabc0a1000 nid=0xbd5 runnable [0x0000000000000000]
   java.lang.Thread.State: RUNNABLE

RBP=0x00007fdab8efa8b0
0x00007fdab8efa8b0 is pointing into the stack for thread: 0x00007fdabc0a1000
"JDWP Transport Listener: dt_socket" daemon prio=10 tid=0x00007fdabc0a1000 nid=0xbd5 runnable [0x0000000000000000]
   java.lang.Thread.State: RUNNABLE

RSI=0x00007fdabc0a1000
"JDWP Transport Listener: dt_socket" daemon prio=10 tid=0x00007fdabc0a1000 nid=0xbd5 runnable [0x0000000000000000]
   java.lang.Thread.State: RUNNABLE

RDI=0x00007fdabc006b60
0x00007fdabc006b60 is pointing to unknown location

R8 =0x00007fdac4ed7000
0x00007fdac4ed7000 is pointing to unknown location

R9 =0x00007fdac43761a8
0x00007fdac43761a8: <offset 0x9b11a8> in /usr/lib/jvm/java-6-sun-1.6.0.24/jre/lib/amd64/server/libjvm.so at 0x00007fdac39c5000

R10=0x0000000000000ffc
0x0000000000000ffc is pointing to unknown location

R11=0x00007fdac43761b0
0x00007fdac43761b0: <offset 0x9b11b0> in /usr/lib/jvm/java-6-sun-1.6.0.24/jre/lib/amd64/server/libjvm.so at 0x00007fdac39c5000

R12=0x00007fdabc006b60
0x00007fdabc006b60 is pointing to unknown location

R13=0x6e003b6572757461
0x6e003b6572757461 is pointing to unknown location

R14=0x00007fdab8efa8ff
0x00007fdab8efa8ff is pointing into the stack for thread: 0x00007fdabc0a1000
"JDWP Transport Listener: dt_socket" daemon prio=10 tid=0x00007fdabc0a1000 nid=0xbd5 runnable [0x0000000000000000]
   java.lang.Thread.State: RUNNABLE

R15=0x00007fdab8efa840
0x00007fdab8efa840 is pointing into the stack for thread: 0x00007fdabc0a1000
"JDWP Transport Listener: dt_socket" daemon prio=10 tid=0x00007fdabc0a1000 nid=0xbd5 runnable [0x0000000000000000]
   java.lang.Thread.State: RUNNABLE


Top of Stack: (sp=0x00007fdab8efa840)
0x00007fdab8efa840:   00007fdabc0a1000 0000000000000000
0x00007fdab8efa850:   00007fda00000000 0000000000000000
0x00007fdab8efa860:   00007fdabc0a1000 0000000000000000
0x00007fdab8efa870:   00007fdabc0a1000 00007fdab8efa990
0x00007fdab8efa880:   00007fda7c000b78 6e003b6572757461
0x00007fdab8efa890:   00007fdac2e4b0f0 0000000000000001
0x00007fdab8efa8a0:   0000000000000001 0000000000000000
0x00007fdab8efa8b0:   00007fdab8efa8ff 00007fdac2d3e2ce
0x00007fdab8efa8c0:   6e003b6572757461 00007fdab8efa990
0x00007fdab8efa8d0:   0000000000000001 00007fdac2d1ba73
0x00007fdab8efa8e0:   0000000000000000 0000000000000000
0x00007fdab8efa8f0:   0000000000000000 01000000f0001008
0x00007fdab8efa900:   0000000000000006 00007fdab8efa990
0x00007fdab8efa910:   00007fdabc2a7c68 00007fdac2d1bc36
0x00007fdab8efa920:   00007fdab8efa990 00000006b8efab50
0x00007fdab8efa930:   00007fda88005e50 00007fdab8efa990
0x00007fdab8efa940:   00007fdab8efab50 00007fdab8efab20
0x00007fdab8efa950:   00007fdac2e4b0f0 00007fdac2d1bcae
0x00007fdab8efa960:   00007fdab8efab20 00007fdac2d268fb
0x00007fdab8efa970:   0000034600000013 00007fda800f0200
0x00007fdab8efa980:   00007fda80001030 00007fdab8efa990
0x00007fdab8efa990:   00007fda8800639e 00007fda0000021a
0x00007fdab8efa9a0:   00007fda88004000 00007fda0000012c
0x00007fdab8efa9b0:   00007fdab8efa9e0 00007fda88004000
0x00007fdab8efa9c0:   00007f0000000000 000003460000001c
0x00007fdab8efa9d0:   00007fda00008c80 00007fdab8efa9e0
0x00007fdab8efa9e0:   da7f000006000000 11000000f840017c
0x00007fdab8efa9f0:   776f6e4b64616572 736142656764656c
0x00007fdab8efaa00:   6a4c282e00000065 676e616c2f617661
0x00007fdab8efaa10:   3b676e697274532f 72642f67726f4c29
0x00007fdab8efaa20:   6f6e4b2f736c6f6f 6142656764656c77
0x00007fdab8efaa30:   00000000003b6573 7cda7f00000a0000 

Instructions: (pc=0x00007fdac3e99d8d)
0x00007fdac3e99d7d:   10 84 db 0f 84 ed 02 00 00 31 db 4d 85 ed 74 23
0x00007fdac3e99d8d:   49 8b 45 00 48 85 c0 0f 84 d2 02 00 00 49 bd fe 

Stack: [0x00007fdab8dfb000,0x00007fdab8efc000],  sp=0x00007fdab8efa840,  free space=1022k
Native frames: (J=compiled Java code, j=interpreted, Vv=VM code, C=native code)
V  [libjvm.so+0x4d4d8d]


---------------  P R O C E S S  ---------------

Java Threads: ( => current thread )
  0x00007fdabc248800 JavaThread "ReaderThread" [_thread_in_native, id=3041, stack(0x00007fdab84ea000,0x00007fdab85eb000)]
  0x00007fdabc0ab800 JavaThread "Low Memory Detector" daemon [_thread_blocked, id=3039, stack(0x00007fdab88f6000,0x00007fdab89f7000)]
  0x00007fdabc0a9800 JavaThread "CompilerThread1" daemon [_thread_blocked, id=3038, stack(0x00007fdab89f7000,0x00007fdab8af8000)]
  0x00007fdabc0a6800 JavaThread "CompilerThread0" daemon [_thread_blocked, id=3037, stack(0x00007fdab8af8000,0x00007fdab8bf9000)]
  0x00007fda88001000 JavaThread "JDWP Command Reader" daemon [_thread_in_native, id=3033, stack(0x00007fdab8bf9000,0x00007fdab8cfa000)]
  0x00007fdabc0a4800 JavaThread "JDWP Event Helper Thread" daemon [_thread_blocked, id=3032, stack(0x00007fdab8cfa000,0x00007fdab8dfb000)]
=>0x00007fdabc0a1000 JavaThread "JDWP Transport Listener: dt_socket" daemon [_thread_in_vm, id=3029, stack(0x00007fdab8dfb000,0x00007fdab8efc000)]
  0x00007fdabc094800 JavaThread "Signal Dispatcher" daemon [_thread_blocked, id=3027, stack(0x00007fdac0029000,0x00007fdac012a000)]
  0x00007fdabc079000 JavaThread "Finalizer" daemon [_thread_blocked, id=3026, stack(0x00007fdac012a000,0x00007fdac022b000)]
  0x00007fdabc077000 JavaThread "Reference Handler" daemon [_thread_blocked, id=3025, stack(0x00007fdac022b000,0x00007fdac032c000)]
  0x00007fdabc00b800 JavaThread "main" [_thread_blocked, id=3015, stack(0x00007fdac35bf000,0x00007fdac36c0000)]

Other Threads:
  0x00007fdabc070800 VMThread [stack: 0x00007fdac032c000,0x00007fdac042d000] [id=3024]
  0x00007fdabc0be800 WatcherThread [stack: 0x00007fdab87f5000,0x00007fdab88f6000] [id=3040]

VM state:not at safepoint (normal execution)

VM Mutex/Monitor currently owned by a thread: None

Heap
 PSYoungGen      total 37056K, used 27470K [0x00000007d6ab0000, 0x00000007d9400000, 0x0000000800000000)
  eden space 31808K, 86% used [0x00000007d6ab0000,0x00000007d8583b68,0x00000007d89c0000)
  from space 5248K, 0% used [0x00000007d8ee0000,0x00000007d8ee0000,0x00000007d9400000)
  to   space 5248K, 0% used [0x00000007d89c0000,0x00000007d89c0000,0x00000007d8ee0000)
 PSOldGen        total 84672K, used 0K [0x0000000784000000, 0x00000007892b0000, 0x00000007d6ab0000)
  object space 84672K, 0% used [0x0000000784000000,0x0000000784000000,0x00000007892b0000)
 PSPermGen       total 21248K, used 9918K [0x000000077ee00000, 0x00000007802c0000, 0x0000000784000000)
  object space 21248K, 46% used [0x000000077ee00000,0x000000077f7af9c8,0x00000007802c0000)

Dynamic libraries:
40000000-40009000 r-xp 00000000 08:01 1056777                            /usr/lib/jvm/java-6-sun-1.6.0.24/jre/bin/java
40108000-4010a000 rwxp 00008000 08:01 1056777                            /usr/lib/jvm/java-6-sun-1.6.0.24/jre/bin/java
41af2000-41b13000 rwxp 00000000 00:00 0                                  [heap]
77ee00000-7802c0000 rwxp 00000000 00:00 0 
7802c0000-784000000 rwxp 00000000 00:00 0 
784000000-7892b0000 rwxp 00000000 00:00 0 
7892b0000-7d6ab0000 rwxp 00000000 00:00 0 
7d6ab0000-7d9400000 rwxp 00000000 00:00 0 
7d9400000-800000000 rwxp 00000000 00:00 0 
7fda64000000-7fda64021000 rwxp 00000000 00:00 0 
7fda64021000-7fda68000000 ---p 00000000 00:00 0 
7fda6c000000-7fda6c021000 rwxp 00000000 00:00 0 
7fda6c021000-7fda70000000 ---p 00000000 00:00 0 
7fda70000000-7fda70021000 rwxp 00000000 00:00 0 
7fda70021000-7fda74000000 ---p 00000000 00:00 0 
7fda74000000-7fda74193000 rwxp 00000000 00:00 0 
7fda74193000-7fda78000000 ---p 00000000 00:00 0 
7fda78000000-7fda7843e000 rwxp 00000000 00:00 0 
7fda7843e000-7fda7c000000 ---p 00000000 00:00 0 
7fda7c000000-7fda7c021000 rwxp 00000000 00:00 0 
7fda7c021000-7fda80000000 ---p 00000000 00:00 0 
7fda80000000-7fda80021000 rwxp 00000000 00:00 0 
7fda80021000-7fda84000000 ---p 00000000 00:00 0 
7fda84000000-7fda84021000 rwxp 00000000 00:00 0 
7fda84021000-7fda88000000 ---p 00000000 00:00 0 
7fda88000000-7fda88021000 rwxp 00000000 00:00 0 
7fda88021000-7fda8c000000 ---p 00000000 00:00 0 
7fda8c000000-7fda8c021000 rwxp 00000000 00:00 0 
7fda8c021000-7fda90000000 ---p 00000000 00:00 0 
7fda90000000-7fda90021000 rwxp 00000000 00:00 0 
7fda90021000-7fda94000000 ---p 00000000 00:00 0 
7fda94000000-7fda94021000 rwxp 00000000 00:00 0 
7fda94021000-7fda98000000 ---p 00000000 00:00 0 
7fda98000000-7fda98021000 rwxp 00000000 00:00 0 
7fda98021000-7fda9c000000 ---p 00000000 00:00 0 
7fda9c000000-7fda9c021000 rwxp 00000000 00:00 0 
7fda9c021000-7fdaa0000000 ---p 00000000 00:00 0 
7fdaa0000000-7fdaa0021000 rwxp 00000000 00:00 0 
7fdaa0021000-7fdaa4000000 ---p 00000000 00:00 0 
7fdaa4000000-7fdaa4021000 rwxp 00000000 00:00 0 
7fdaa4021000-7fdaa8000000 ---p 00000000 00:00 0 
7fdaa8000000-7fdaa8021000 rwxp 00000000 00:00 0 
7fdaa8021000-7fdaac000000 ---p 00000000 00:00 0 
7fdaac000000-7fdaac021000 rwxp 00000000 00:00 0 
7fdaac021000-7fdab0000000 ---p 00000000 00:00 0 
7fdab0000000-7fdab0021000 rwxp 00000000 00:00 0 
7fdab0021000-7fdab4000000 ---p 00000000 00:00 0 
7fdab4000000-7fdab4021000 rwxp 00000000 00:00 0 
7fdab4021000-7fdab8000000 ---p 00000000 00:00 0 
7fdab84ea000-7fdab84ed000 ---p 00000000 00:00 0 
7fdab84ed000-7fdab85eb000 rwxp 00000000 00:00 0                          [stack:3041]
7fdab8618000-7fdab8649000 rwxp 00000000 00:00 0 
7fdab8649000-7fdab865c000 r-xp 00000000 08:01 1183969                    /usr/lib/jvm/java-6-sun-1.6.0.24/jre/lib/amd64/libnet.so
7fdab865c000-7fdab875d000 ---p 00013000 08:01 1183969                    /usr/lib/jvm/java-6-sun-1.6.0.24/jre/lib/amd64/libnet.so
7fdab875d000-7fdab8760000 rwxp 00014000 08:01 1183969                    /usr/lib/jvm/java-6-sun-1.6.0.24/jre/lib/amd64/libnet.so
7fdab878c000-7fdab878f000 r-xs 0002a000 08:01 2761774                    /home/horacio/.m2/repository/org/jbpm/jbpm-bpmn2/5.5.0.Final/jbpm-bpmn2-5.5.0.Final.jar
7fdab878f000-7fdab879c000 r-xs 0006d000 08:01 2235117                    /home/horacio/.m2/repository/com/thoughtworks/xstream/xstream/1.4.1/xstream-1.4.1.jar
7fdab879c000-7fdab87aa000 r-xs 0018b000 08:01 2626452                    /home/horacio/.m2/repository/org/eclipse/jdt/core/compiler/ecj/3.5.1/ecj-3.5.1.jar
7fdab87aa000-7fdab87af000 r-xs 00068000 08:01 2623607                    /home/horacio/.m2/repository/antlr/antlr/2.7.7/antlr-2.7.7.jar
7fdab87af000-7fdab87b2000 r-xs 00022000 08:01 2624490                    /home/horacio/.m2/repository/org/antlr/stringtemplate/3.2.1/stringtemplate-3.2.1.jar
7fdab87b2000-7fdab87c5000 r-xs 00115000 08:01 2761773                    /home/horacio/.m2/repository/org/drools/drools-compiler/5.6.0.Final/drools-compiler-5.6.0.Final.jar
7fdab87c5000-7fdab87f5000 r-xs 002b7000 08:01 2631202                    /home/horacio/.m2/repository/org/drools/drools-core/5.6.0.Final/drools-core-5.6.0.Final.jar
7fdab87f5000-7fdab87f6000 ---p 00000000 00:00 0 
7fdab87f6000-7fdab88f6000 rwxp 00000000 00:00 0                          [stack:3040]
7fdab88f6000-7fdab88f9000 ---p 00000000 00:00 0 
7fdab88f9000-7fdab89f7000 rwxp 00000000 00:00 0                          [stack:3039]
7fdab89f7000-7fdab89fa000 ---p 00000000 00:00 0 
7fdab89fa000-7fdab8af8000 rwxp 00000000 00:00 0                          [stack:3038]
7fdab8af8000-7fdab8afb000 ---p 00000000 00:00 0 
7fdab8afb000-7fdab8bf9000 rwxp 00000000 00:00 0                          [stack:3037]
7fdab8bf9000-7fdab8bfc000 ---p 00000000 00:00 0 
7fdab8bfc000-7fdab8cfa000 rwxp 00000000 00:00 0                          [stack:3033]
7fdab8cfa000-7fdab8cfd000 ---p 00000000 00:00 0 
7fdab8cfd000-7fdab8dfb000 rwxp 00000000 00:00 0                          [stack:3032]
7fdab8dfb000-7fdab8dfe000 ---p 00000000 00:00 0 
7fdab8dfe000-7fdab8efc000 rwxp 00000000 00:00 0                          [stack:3029]
7fdab8efc000-7fdab8eff000 r-xp 00000000 08:01 1183958                    /usr/lib/jvm/java-6-sun-1.6.0.24/jre/lib/amd64/libdt_socket.so
7fdab8eff000-7fdab8ffe000 ---p 00003000 08:01 1183958                    /usr/lib/jvm/java-6-sun-1.6.0.24/jre/lib/amd64/libdt_socket.so
7fdab8ffe000-7fdab9000000 rwxp 00002000 08:01 1183958                    /usr/lib/jvm/java-6-sun-1.6.0.24/jre/lib/amd64/libdt_socket.so
7fdab9000000-7fdab9270000 rwxp 00000000 00:00 0 
7fdab9270000-7fdabc454000 rwxp 00000000 00:00 0 
7fdabc454000-7fdac0000000 ---p 00000000 00:00 0 
7fdac0001000-7fdac000a000 r-xs 000d3000 08:01 2624489                    /home/horacio/.m2/repository/org/antlr/antlr/3.3/antlr-3.3.jar
7fdac000a000-7fdac000d000 r-xs 00025000 08:01 2624488                    /home/horacio/.m2/repository/org/antlr/antlr-runtime/3.3/antlr-runtime-3.3.jar
7fdac000d000-7fdac0015000 r-xs 0007b000 08:01 2624414                    /home/horacio/.m2/repository/com/google/protobuf/protobuf-java/2.5.0/protobuf-java-2.5.0.jar
7fdac0015000-7fdac0021000 r-xs 000ab000 08:01 2627567                    /home/horacio/.m2/repository/org/mvel/mvel2/2.1.8.Final/mvel2-2.1.8.Final.jar
7fdac0021000-7fdac0029000 r-xs 00026000 08:01 3153952                    /home/horacio/.m2/repository/org/drools/knowledge-api/5.6.0.Final/knowledge-api-5.6.0.Final.jar
7fdac0029000-7fdac002c000 ---p 00000000 00:00 0 
7fdac002c000-7fdac012a000 rwxp 00000000 00:00 0                          [stack:3027]
7fdac012a000-7fdac012d000 ---p 00000000 00:00 0 
7fdac012d000-7fdac022b000 rwxp 00000000 00:00 0                          [stack:3026]
7fdac022b000-7fdac022e000 ---p 00000000 00:00 0 
7fdac022e000-7fdac032c000 rwxp 00000000 00:00 0                          [stack:3025]
7fdac032c000-7fdac032d000 ---p 00000000 00:00 0 
7fdac032d000-7fdac0d6a000 rwxp 00000000 00:00 0                          [stack:3024]
7fdac0d6a000-7fdac0f02000 r-xs 03027000 08:01 6560226                    /usr/lib/jvm/java-6-sun-1.6.0.24/jre/lib/rt.jar
7fdac0f02000-7fdac0f2a000 rwxp 00000000 00:00 0 
7fdac0f2a000-7fdac0f2b000 ---p 00000000 00:00 0 
7fdac0f2b000-7fdac102b000 rwxp 00000000 00:00 0                          [stack:3023]
7fdac102b000-7fdac102c000 ---p 00000000 00:00 0 
7fdac102c000-7fdac112c000 rwxp 00000000 00:00 0                          [stack:3022]
7fdac112c000-7fdac112d000 ---p 00000000 00:00 0 
7fdac112d000-7fdac122d000 rwxp 00000000 00:00 0                          [stack:3021]
7fdac122d000-7fdac122e000 ---p 00000000 00:00 0 
7fdac122e000-7fdac132e000 rwxp 00000000 00:00 0                          [stack:3020]
7fdac132e000-7fdac132f000 ---p 00000000 00:00 0 
7fdac132f000-7fdac142f000 rwxp 00000000 00:00 0                          [stack:3019]
7fdac142f000-7fdac1430000 ---p 00000000 00:00 0 
7fdac1430000-7fdac1530000 rwxp 00000000 00:00 0                          [stack:3018]
7fdac1530000-7fdac1531000 ---p 00000000 00:00 0 
7fdac1531000-7fdac1631000 rwxp 00000000 00:00 0                          [stack:3017]
7fdac1631000-7fdac1632000 ---p 00000000 00:00 0 
7fdac1632000-7fdac173d000 rwxp 00000000 00:00 0                          [stack:3016]
7fdac173d000-7fdac175b000 rwxp 00000000 00:00 0 
7fdac175b000-7fdac1785000 rwxp 00000000 00:00 0 
7fdac1785000-7fdac19f1000 rwxp 00000000 00:00 0 
7fdac19f1000-7fdac19fc000 rwxp 00000000 00:00 0 
7fdac19fc000-7fdac1a1a000 rwxp 00000000 00:00 0 
7fdac1a1a000-7fdac1a44000 rwxp 00000000 00:00 0 
7fdac1a44000-7fdac1caf000 rwxp 00000000 00:00 0 
7fdac1caf000-7fdac1cc4000 rwxp 00000000 00:00 0 
7fdac1cc4000-7fdac1dfa000 rwxp 00000000 00:00 0 
7fdac1dfa000-7fdac1dfb000 rwxp 00000000 00:00 0 
7fdac1dfb000-7fdac1e09000 r-xp 00000000 08:01 1183987                    /usr/lib/jvm/java-6-sun-1.6.0.24/jre/lib/amd64/libzip.so
7fdac1e09000-7fdac1f0b000 ---p 0000e000 08:01 1183987                    /usr/lib/jvm/java-6-sun-1.6.0.24/jre/lib/amd64/libzip.so
7fdac1f0b000-7fdac1f0e000 rwxp 00010000 08:01 1183987                    /usr/lib/jvm/java-6-sun-1.6.0.24/jre/lib/amd64/libzip.so
7fdac1f0e000-7fdac1f0f000 rwxp 00000000 00:00 0 
7fdac1f0f000-7fdac1f1b000 r-xp 00000000 08:01 264567                     /lib/x86_64-linux-gnu/libnss_files-2.17.so
7fdac1f1b000-7fdac211a000 ---p 0000c000 08:01 264567                     /lib/x86_64-linux-gnu/libnss_files-2.17.so
7fdac211a000-7fdac211b000 r-xp 0000b000 08:01 264567                     /lib/x86_64-linux-gnu/libnss_files-2.17.so
7fdac211b000-7fdac211c000 rwxp 0000c000 08:01 264567                     /lib/x86_64-linux-gnu/libnss_files-2.17.so
7fdac211c000-7fdac2127000 r-xp 00000000 08:01 264574                     /lib/x86_64-linux-gnu/libnss_nis-2.17.so
7fdac2127000-7fdac2326000 ---p 0000b000 08:01 264574                     /lib/x86_64-linux-gnu/libnss_nis-2.17.so
7fdac2326000-7fdac2327000 r-xp 0000a000 08:01 264574                     /lib/x86_64-linux-gnu/libnss_nis-2.17.so
7fdac2327000-7fdac2328000 rwxp 0000b000 08:01 264574                     /lib/x86_64-linux-gnu/libnss_nis-2.17.so
7fdac2328000-7fdac2330000 r-xp 00000000 08:01 264576                     /lib/x86_64-linux-gnu/libnss_compat-2.17.so
7fdac2330000-7fdac252f000 ---p 00008000 08:01 264576                     /lib/x86_64-linux-gnu/libnss_compat-2.17.so
7fdac252f000-7fdac2530000 r-xp 00007000 08:01 264576                     /lib/x86_64-linux-gnu/libnss_compat-2.17.so
7fdac2530000-7fdac2531000 rwxp 00008000 08:01 264576                     /lib/x86_64-linux-gnu/libnss_compat-2.17.so
7fdac2531000-7fdac2c12000 r-xp 00000000 08:01 6035778                    /usr/lib/locale/locale-archive
7fdac2c12000-7fdac2c15000 r-xp 00000000 08:01 1183977                    /usr/lib/jvm/java-6-sun-1.6.0.24/jre/lib/amd64/libnpt.so
7fdac2c15000-7fdac2d14000 ---p 00003000 08:01 1183977                    /usr/lib/jvm/java-6-sun-1.6.0.24/jre/lib/amd64/libnpt.so
7fdac2d14000-7fdac2d15000 rwxp 00002000 08:01 1183977                    /usr/lib/jvm/java-6-sun-1.6.0.24/jre/lib/amd64/libnpt.so
7fdac2d15000-7fdac2d4b000 r-xp 00000000 08:01 1183976                    /usr/lib/jvm/java-6-sun-1.6.0.24/jre/lib/amd64/libjdwp.so
7fdac2d4b000-7fdac2e4a000 ---p 00036000 08:01 1183976                    /usr/lib/jvm/java-6-sun-1.6.0.24/jre/lib/amd64/libjdwp.so
7fdac2e4a000-7fdac2e54000 rwxp 00035000 08:01 1183976                    /usr/lib/jvm/java-6-sun-1.6.0.24/jre/lib/amd64/libjdwp.so
7fdac2e54000-7fdac2e5b000 r-xp 00000000 08:01 1971562                    /usr/lib/jvm/java-6-sun-1.6.0.24/jre/lib/amd64/native_threads/libhpi.so
7fdac2e5b000-7fdac2f5c000 ---p 00007000 08:01 1971562                    /usr/lib/jvm/java-6-sun-1.6.0.24/jre/lib/amd64/native_threads/libhpi.so
7fdac2f5c000-7fdac2f5e000 rwxp 00008000 08:01 1971562                    /usr/lib/jvm/java-6-sun-1.6.0.24/jre/lib/amd64/native_threads/libhpi.so
7fdac2f5e000-7fdac2f5f000 rwxp 00000000 00:00 0 
7fdac2f5f000-7fdac2f76000 r-xp 00000000 08:01 264563                     /lib/x86_64-linux-gnu/libnsl-2.17.so
7fdac2f76000-7fdac3175000 ---p 00017000 08:01 264563                     /lib/x86_64-linux-gnu/libnsl-2.17.so
7fdac3175000-7fdac3176000 r-xp 00016000 08:01 264563                     /lib/x86_64-linux-gnu/libnsl-2.17.so
7fdac3176000-7fdac3177000 rwxp 00017000 08:01 264563                     /lib/x86_64-linux-gnu/libnsl-2.17.so
7fdac3177000-7fdac3179000 rwxp 00000000 00:00 0 
7fdac3179000-7fdac31a2000 r-xp 00000000 08:01 1183986                    /usr/lib/jvm/java-6-sun-1.6.0.24/jre/lib/amd64/libjava.so
7fdac31a2000-7fdac32a1000 ---p 00029000 08:01 1183986                    /usr/lib/jvm/java-6-sun-1.6.0.24/jre/lib/amd64/libjava.so
7fdac32a1000-7fdac32a8000 rwxp 00028000 08:01 1183986                    /usr/lib/jvm/java-6-sun-1.6.0.24/jre/lib/amd64/libjava.so
7fdac32a8000-7fdac32b5000 r-xp 00000000 08:01 1183968                    /usr/lib/jvm/java-6-sun-1.6.0.24/jre/lib/amd64/libverify.so
7fdac32b5000-7fdac33b4000 ---p 0000d000 08:01 1183968                    /usr/lib/jvm/java-6-sun-1.6.0.24/jre/lib/amd64/libverify.so
7fdac33b4000-7fdac33b7000 rwxp 0000c000 08:01 1183968                    /usr/lib/jvm/java-6-sun-1.6.0.24/jre/lib/amd64/libverify.so
7fdac33b7000-7fdac33be000 r-xp 00000000 08:01 264570                     /lib/x86_64-linux-gnu/librt-2.17.so
7fdac33be000-7fdac35bd000 ---p 00007000 08:01 264570                     /lib/x86_64-linux-gnu/librt-2.17.so
7fdac35bd000-7fdac35be000 r-xp 00006000 08:01 264570                     /lib/x86_64-linux-gnu/librt-2.17.so
7fdac35be000-7fdac35bf000 rwxp 00007000 08:01 264570                     /lib/x86_64-linux-gnu/librt-2.17.so
7fdac35bf000-7fdac35c2000 ---p 00000000 00:00 0 
7fdac35c2000-7fdac36c0000 rwxp 00000000 00:00 0                          [stack:3015]
7fdac36c0000-7fdac37c3000 r-xp 00000000 08:01 264575                     /lib/x86_64-linux-gnu/libm-2.17.so
7fdac37c3000-7fdac39c3000 ---p 00103000 08:01 264575                     /lib/x86_64-linux-gnu/libm-2.17.so
7fdac39c3000-7fdac39c4000 r-xp 00103000 08:01 264575                     /lib/x86_64-linux-gnu/libm-2.17.so
7fdac39c4000-7fdac39c5000 rwxp 00104000 08:01 264575                     /lib/x86_64-linux-gnu/libm-2.17.so
7fdac39c5000-7fdac4203000 r-xp 00000000 08:01 1971559                    /usr/lib/jvm/java-6-sun-1.6.0.24/jre/lib/amd64/server/libjvm.so
7fdac4203000-7fdac4302000 ---p 0083e000 08:01 1971559                    /usr/lib/jvm/java-6-sun-1.6.0.24/jre/lib/amd64/server/libjvm.so
7fdac4302000-7fdac4496000 rwxp 0083d000 08:01 1971559                    /usr/lib/jvm/java-6-sun-1.6.0.24/jre/lib/amd64/server/libjvm.so
7fdac4496000-7fdac44cf000 rwxp 00000000 00:00 0 
7fdac44cf000-7fdac468e000 r-xp 00000000 08:01 264578                     /lib/x86_64-linux-gnu/libc-2.17.so
7fdac468e000-7fdac488d000 ---p 001bf000 08:01 264578                     /lib/x86_64-linux-gnu/libc-2.17.so
7fdac488d000-7fdac4891000 r-xp 001be000 08:01 264578                     /lib/x86_64-linux-gnu/libc-2.17.so
7fdac4891000-7fdac4893000 rwxp 001c2000 08:01 264578                     /lib/x86_64-linux-gnu/libc-2.17.so
7fdac4893000-7fdac4898000 rwxp 00000000 00:00 0 
7fdac4898000-7fdac489b000 r-xp 00000000 08:01 264566                     /lib/x86_64-linux-gnu/libdl-2.17.so
7fdac489b000-7fdac4a9a000 ---p 00003000 08:01 264566                     /lib/x86_64-linux-gnu/libdl-2.17.so
7fdac4a9a000-7fdac4a9b000 r-xp 00002000 08:01 264566                     /lib/x86_64-linux-gnu/libdl-2.17.so
7fdac4a9b000-7fdac4a9c000 rwxp 00003000 08:01 264566                     /lib/x86_64-linux-gnu/libdl-2.17.so
7fdac4a9c000-7fdac4ab4000 r-xp 00000000 08:01 264564                     /lib/x86_64-linux-gnu/libpthread-2.17.so
7fdac4ab4000-7fdac4cb3000 ---p 00018000 08:01 264564                     /lib/x86_64-linux-gnu/libpthread-2.17.so
7fdac4cb3000-7fdac4cb4000 r-xp 00017000 08:01 264564                     /lib/x86_64-linux-gnu/libpthread-2.17.so
7fdac4cb4000-7fdac4cb5000 rwxp 00018000 08:01 264564                     /lib/x86_64-linux-gnu/libpthread-2.17.so
7fdac4cb5000-7fdac4cb9000 rwxp 00000000 00:00 0 
7fdac4cb9000-7fdac4cdc000 r-xp 00000000 08:01 264557                     /lib/x86_64-linux-gnu/ld-2.17.so
7fdac4cdc000-7fdac4cde000 r-xs 00005000 08:01 2624080                    /home/horacio/.m2/repository/xpp3/xpp3_min/1.1.4c/xpp3_min-1.1.4c.jar
7fdac4cde000-7fdac4ce1000 r-xs 0001f000 08:01 2761772                    /home/horacio/.m2/repository/org/jbpm/jbpm-flow-builder/5.5.0.Final/jbpm-flow-builder-5.5.0.Final.jar
7fdac4ce1000-7fdac4ced000 r-xs 0008d000 08:01 2631201                    /home/horacio/.m2/repository/org/jbpm/jbpm-flow/5.5.0.Final/jbpm-flow-5.5.0.Final.jar
7fdac4ced000-7fdac4cf7000 rwxp 00000000 00:00 0 
7fdac4cf7000-7fdac4dad000 rwxp 00000000 00:00 0 
7fdac4dad000-7fdac4db0000 rwxp 00000000 00:00 0 
7fdac4db0000-7fdac4db7000 r-xp 00000000 08:01 1442294                    /usr/lib/jvm/java-6-sun-1.6.0.24/jre/lib/amd64/jli/libjli.so
7fdac4db7000-7fdac4eb8000 ---p 00007000 08:01 1442294                    /usr/lib/jvm/java-6-sun-1.6.0.24/jre/lib/amd64/jli/libjli.so
7fdac4eb8000-7fdac4eba000 rwxp 00008000 08:01 1442294                    /usr/lib/jvm/java-6-sun-1.6.0.24/jre/lib/amd64/jli/libjli.so
7fdac4eba000-7fdac4ebb000 rwxp 00000000 00:00 0 
7fdac4ebc000-7fdac4ebd000 r-xs 00001000 08:01 2624079                    /home/horacio/.m2/repository/xmlpull/xmlpull/1.1.3.1/xmlpull-1.1.3.1.jar
7fdac4ebd000-7fdac4ebf000 r-xs 00001000 08:01 3153954                    /home/horacio/.m2/repository/org/drools/knowledge-internal-api/5.6.0.Final/knowledge-internal-api-5.6.0.Final.jar
7fdac4ebf000-7fdac4ec6000 r-xs 00053000 08:01 2758427                    /home/horacio/.m2/repository/log4j/log4j/1.2.14/log4j-1.2.14.jar
7fdac4ec6000-7fdac4ec8000 r-xs 00005000 08:01 1710175                    /home/horacio/.m2/repository/org/slf4j/slf4j-api/1.6.4/slf4j-api-1.6.4.jar
7fdac4ec8000-7fdac4ec9000 r-xs 00002000 08:01 2890937                    /home/horacio/.m2/repository/org/slf4j/slf4j-log4j12/1.6.0/slf4j-log4j12-1.6.0.jar
7fdac4ec9000-7fdac4ecf000 r-xs 00034000 08:01 2755509                    /home/horacio/.m2/repository/junit/junit/4.8.1/junit-4.8.1.jar
7fdac4ecf000-7fdac4ed7000 rwxs 00000000 08:01 5898397                    /tmp/hsperfdata_horacio/3008
7fdac4ed7000-7fdac4ed8000 rwxp 00000000 00:00 0 
7fdac4ed8000-7fdac4ed9000 r-xp 00000000 00:00 0 
7fdac4ed9000-7fdac4edb000 rwxp 00000000 00:00 0 
7fdac4edb000-7fdac4edc000 r-xp 00022000 08:01 264557                     /lib/x86_64-linux-gnu/ld-2.17.so
7fdac4edc000-7fdac4ede000 rwxp 00023000 08:01 264557                     /lib/x86_64-linux-gnu/ld-2.17.so
7fffdda71000-7fffdda93000 rwxp 00000000 00:00 0                          [stack]
7fffddbfe000-7fffddc00000 r-xp 00000000 00:00 0                          [vdso]
ffffffffff600000-ffffffffff601000 r-xp 00000000 00:00 0                  [vsyscall]

VM Arguments:
jvm_args: -agentlib:jdwp=transport=dt_socket,suspend=y,address=localhost:51961 -Dfile.encoding=UTF-8 
java_command: org.eclipse.jdt.internal.junit.runner.RemoteTestRunner -version 3 -port 57979 -testLoaderClass org.eclipse.jdt.internal.junit4.runner.JUnit4TestLoader -loaderpluginname org.eclipse.jdt.junit4.runtime -classNames com.hernsys.droolsJbpm.DroolsTest
Launcher Type: SUN_STANDARD

Environment Variables:
JAVA_HOME=/usr/local/jdk1.6.0_45
JRE_HOME=/usr/local/jdk1.6.0_45/jre
PATH=/usr/lib/lightdm/lightdm:/usr/local/sbin:/usr/local/bin:/usr/sbin:/usr/bin:/sbin:/bin:/usr/games:/usr/local/games:$JAVA_HOME:$JRE_HOME:/media/horacio/C/soft/apache-maven-3.0.5/bin:/media/horacio/C/soft/ant/bin:$PLAY
LD_LIBRARY_PATH=/usr/lib/jvm/java-6-sun-1.6.0.24/jre/lib/amd64/server:/usr/lib/jvm/java-6-sun-1.6.0.24/jre/lib/amd64:/usr/lib/jvm/java-6-sun-1.6.0.24/jre/../lib/amd64
SHELL=/bin/bash
DISPLAY=:0.0

Signal Handlers:
SIGSEGV: [libjvm.so+0x791b30], sa_mask[0]=0x7ffbfeff, sa_flags=0x10000004
SIGBUS: [libjvm.so+0x791b30], sa_mask[0]=0x7ffbfeff, sa_flags=0x10000004
SIGFPE: [libjvm.so+0x640ba0], sa_mask[0]=0x7ffbfeff, sa_flags=0x10000004
SIGPIPE: [libjvm.so+0x640ba0], sa_mask[0]=0x7ffbfeff, sa_flags=0x10000004
SIGXFSZ: [libjvm.so+0x640ba0], sa_mask[0]=0x7ffbfeff, sa_flags=0x10000004
SIGILL: [libjvm.so+0x640ba0], sa_mask[0]=0x7ffbfeff, sa_flags=0x10000004
SIGUSR1: SIG_DFL, sa_mask[0]=0x00000000, sa_flags=0x00000000
SIGUSR2: [libjvm.so+0x643780], sa_mask[0]=0x00000004, sa_flags=0x10000004
SIGHUP: [libjvm.so+0x643380], sa_mask[0]=0x7ffbfeff, sa_flags=0x10000004
SIGINT: [libjvm.so+0x643380], sa_mask[0]=0x7ffbfeff, sa_flags=0x10000004
SIGTERM: [libjvm.so+0x643380], sa_mask[0]=0x7ffbfeff, sa_flags=0x10000004
SIGQUIT: [libjvm.so+0x643380], sa_mask[0]=0x7ffbfeff, sa_flags=0x10000004


---------------  S Y S T E M  ---------------

OS:wheezy/sid

uname:Linux 3.8.0-35-generic #50-Ubuntu SMP Tue Dec 3 01:24:59 UTC 2013 x86_64
libc:glibc 2.17 NPTL 2.17 
rlimit: STACK 8192k, CORE 0k, NPROC 63307, NOFILE 4096, AS infinity
load average:0,30 0,33 0,28

/proc/meminfo:
MemTotal:        8122484 kB
MemFree:         2070164 kB
Buffers:          215028 kB
Cached:          2045124 kB
SwapCached:       149076 kB
Active:          3430784 kB
Inactive:        2238932 kB
Active(anon):    2364580 kB
Inactive(anon):  1092452 kB
Active(file):    1066204 kB
Inactive(file):  1146480 kB
Unevictable:         128 kB
Mlocked:             128 kB
SwapTotal:       8331260 kB
SwapFree:        7814760 kB
Dirty:               676 kB
Writeback:           120 kB
AnonPages:       3308552 kB
Mapped:           278460 kB
Shmem:             47468 kB
Slab:             199176 kB
SReclaimable:     152796 kB
SUnreclaim:        46380 kB
KernelStack:        6280 kB
PageTables:        59156 kB
NFS_Unstable:          0 kB
Bounce:                0 kB
WritebackTmp:          0 kB
CommitLimit:    12392500 kB
Committed_AS:    8552984 kB
VmallocTotal:   34359738367 kB
VmallocUsed:      121012 kB
VmallocChunk:   34359613948 kB
HardwareCorrupted:     0 kB
AnonHugePages:         0 kB
HugePages_Total:       0
HugePages_Free:        0
HugePages_Rsvd:        0
HugePages_Surp:        0
Hugepagesize:       2048 kB
DirectMap4k:      178176 kB
DirectMap2M:     8177664 kB


CPU:total 8 (4 cores per cpu, 2 threads per core) family 6 model 58 stepping 9, cmov, cx8, fxsr, mmx, sse, sse2, sse3, ssse3, sse4.1, sse4.2, popcnt, ht

Memory: 4k page, physical 8122484k(2070164k free), swap 8331260k(7814760k free)

vm_info: Java HotSpot(TM) 64-Bit Server VM (19.1-b02) for linux-amd64 JRE (1.6.0_24-b07), built on Feb  2 2011 16:55:54 by "java_re" with gcc 3.2.2 (SuSE Linux)

time: Mon Apr 21 23:44:27 2014
elapsed time: 141 seconds

